This is pdfTeXk, Version 3.1415926-1.40.9 (Web2C 7.5.7) (format=pdflatex 2009.3.10)  25 JUN 2009 16:17
entering extended mode
 %&-line parsing enabled.
**selfman
(./selfman.tex
LaTeX2e <2005/12/01>
Babel <v3.8l> and hyphenation patterns for english, usenglishmax, dumylang, noh
yphenation, german-x-2008-06-18, ngerman-x-2008-06-18, ancientgreek, ibycus, ar
abic, basque, bulgarian, catalan, pinyin, coptic, croatian, czech, danish, dutc
h, esperanto, estonian, farsi, finnish, french, galician, german, ngerman, mono
greek, greek, hungarian, icelandic, indonesian, interlingua, irish, italian, la
tin, mongolian, mongolian2a, bokmal, nynorsk, polish, portuguese, romanian, rus
sian, sanskrit, serbian, slovak, slovenian, spanish, swedish, turkish, ukenglis
h, ukrainian, uppersorbian, welsh, loaded.
(j:/texmf-dist/tex/latex/base/article.cls
Document Class: article 2005/09/16 v1.4f Standard LaTeX document class
(j:/texmf-dist/tex/latex/base/size10.clo
File: size10.clo 2005/09/16 v1.4f Standard LaTeX file (size option)
)
\c@part=\count79
\c@section=\count80
\c@subsection=\count81
\c@subsubsection=\count82
\c@paragraph=\count83
\c@subparagraph=\count84
\c@figure=\count85
\c@table=\count86
\abovecaptionskip=\skip41
\belowcaptionskip=\skip42
\bibindent=\dimen102
)
(j:/texmf-dist/tex/latex/psnfss/times.sty
Package: times 2005/04/12 PSNFSS-v9.2a (SPQR) 
)
(j:/texmf-dist/tex/latex/graphics/graphicx.sty
Package: graphicx 1999/02/16 v1.0f Enhanced LaTeX Graphics (DPC,SPQR)

(j:/texmf-dist/tex/latex/graphics/keyval.sty
Package: keyval 1999/03/16 v1.13 key=value parser (DPC)
\KV@toks@=\toks14
)
(j:/texmf-dist/tex/latex/graphics/graphics.sty
Package: graphics 2006/02/20 v1.0o Standard LaTeX Graphics (DPC,SPQR)

(j:/texmf-dist/tex/latex/graphics/trig.sty
Package: trig 1999/03/16 v1.09 sin cos tan (DPC)
)
(j:/texmf/tex/latex/config/graphics.cfg
File: graphics.cfg 2007/01/18 v1.5 graphics configuration of teTeX/TeXLive
)
Package graphics Info: Driver file: pdftex.def on input line 90.

(j:/texmf-dist/tex/latex/pdftex-def/pdftex.def
File: pdftex.def 2008/07/16 v0.04k Graphics/color for pdfTeX
\Gread@gobject=\count87
))
\Gin@req@height=\dimen103
\Gin@req@width=\dimen104
)
(j:/texmf-dist/tex/latex/ltxmisc/url.sty
\Urlmuskip=\muskip10
Package: url 2006/04/12  ver 3.3  Verb mode for urls, etc.
)
(j:/texmf-dist/tex/latex/graphics/color.sty
Package: color 2005/11/14 v1.0j Standard LaTeX Color (DPC)

(j:/texmf/tex/latex/config/color.cfg
File: color.cfg 2007/01/18 v1.5 color configuration of teTeX/TeXLive
)
Package color Info: Driver file: pdftex.def on input line 130.
) (./selfman.aux)
\openout1 = `selfman.aux'.

LaTeX Font Info:    Checking defaults for OML/cmm/m/it on input line 35.
LaTeX Font Info:    ... okay on input line 35.
LaTeX Font Info:    Checking defaults for T1/cmr/m/n on input line 35.
LaTeX Font Info:    ... okay on input line 35.
LaTeX Font Info:    Checking defaults for OT1/cmr/m/n on input line 35.
LaTeX Font Info:    ... okay on input line 35.
LaTeX Font Info:    Checking defaults for OMS/cmsy/m/n on input line 35.
LaTeX Font Info:    ... okay on input line 35.
LaTeX Font Info:    Checking defaults for OMX/cmex/m/n on input line 35.
LaTeX Font Info:    ... okay on input line 35.
LaTeX Font Info:    Checking defaults for U/cmr/m/n on input line 35.
LaTeX Font Info:    ... okay on input line 35.
LaTeX Font Info:    Try loading font information for OT1+ptm on input line 35.

(j:/texmf-dist/tex/latex/psnfss/ot1ptm.fd
File: ot1ptm.fd 2001/06/04 font definitions for OT1/ptm.
)
(j:/texmf-dist/tex/context/base/supp-pdf.tex
[Loading MPS to PDF converter (version 2006.09.02).]
\scratchcounter=\count88
\scratchdimen=\dimen105
\scratchbox=\box26
\nofMPsegments=\count89
\nofMParguments=\count90
\everyMPshowfont=\toks15
\MPscratchCnt=\count91
\MPscratchDim=\dimen106
\MPnumerator=\count92
\everyMPtoPDFconversion=\toks16
)
LaTeX Font Info:    External font `cmex10' loaded for size
(Font)              <17.28> on input line 37.
LaTeX Font Info:    External font `cmex10' loaded for size
(Font)              <12> on input line 37.
LaTeX Font Info:    External font `cmex10' loaded for size
(Font)              <8> on input line 37.
LaTeX Font Info:    External font `cmex10' loaded for size
(Font)              <6> on input line 37.
LaTeX Font Info:    Try loading font information for OMS+ptm on input line 37.
 (j:/texmf-dist/tex/latex/psnfss/omsptm.fd
File: omsptm.fd 
)
LaTeX Font Info:    Font shape `OMS/ptm/m/it' in size <9> not available
(Font)              Font shape `OMS/cmsy/m/n' tried instead on input line 37.
LaTeX Font Info:    External font `cmex10' loaded for size
(Font)              <5> on input line 37.

Underfull \hbox (badness 2689) in paragraph at lines 37--37
[][]\OT1/ptm/m/n/8 Supported by Na-tional Sci-ence Foun-da-tion of China (Grant

 []

(./data/abs.tex
LaTeX Font Info:    Font shape `OT1/ptm/bx/n' in size <14.4> not available
(Font)              Font shape `OT1/ptm/b/n' tried instead on input line 1.
) (./data/intro.tex
LaTeX Font Info:    External font `cmex10' loaded for size
(Font)              <7> on input line 56.

Underfull \hbox (badness 1009) in paragraph at lines 96--112
\OT1/ptm/m/n/10 and main-te-nance of dis-tributed man-age-ment sys-tems.
 []

[1{d:/texlive/2008/texmf-var/fonts/map/pdftex/updmap/pdftex.map}


])
(./data/design.tex <figure/smon_arch.pdf, id=11, 520.94624pt x 382.42876pt>
File: figure/smon_arch.pdf Graphic file (type pdf)

<use figure/smon_arch.pdf>
Underfull \vbox (badness 10000) has occurred while \output is active []

LaTeX Font Info:    Font shape `OT1/ptm/bx/n' in size <12> not available
(Font)              Font shape `OT1/ptm/b/n' tried instead on input line 116.
LaTeX Font Info:    Font shape `OT1/ptm/bx/n' in size <10> not available
(Font)              Font shape `OT1/ptm/b/n' tried instead on input line 121.
 [2 <./figure/smon_arch.pdf>]
Underfull \hbox (badness 1077) in paragraph at lines 285--294
\OT1/ptm/m/n/10 bin-ing above-mentioned three func-tion-al-i-ties to-gether.
 []

[3]
LaTeX Font Info:    Try loading font information for OT1+pcr on input line 327.

 (j:/texmf-dist/tex/latex/psnfss/ot1pcr.fd
File: ot1pcr.fd 2001/06/04 font definitions for OT1/pcr.
)
LaTeX Font Info:    Font shape `OMS/ptm/m/n' in size <10> not available
(Font)              Font shape `OMS/cmsy/m/n' tried instead on input line 359.

<figure/auth.pdf, id=27, 565.11125pt x 344.28625pt>
File: figure/auth.pdf Graphic file (type pdf)
 <use figure/auth.pdf>
Underfull \hbox (badness 4291) in paragraph at lines 460--462
[]\OT1/ptm/m/n/10 Using challenge-response au-then-ti-ca-tion mech-a-
 []

[4 <./figure/auth.pdf>]
Underfull \hbox (badness 2173) in paragraph at lines 551--553
[]\OT1/ptm/m/n/10 Online: the ap-pli-ca-tion will be restarted once
 []

) (./data/impl.tex [5]
LaTeX Font Info:    External font `cmex10' loaded for size
(Font)              <9> on input line 12.
LaTeX Font Info:    Font shape `OT1/ptm/bx/n' in size <9> not available
(Font)              Font shape `OT1/ptm/b/n' tried instead on input line 15.

Overfull \hbox (10.98206pt too wide) in paragraph at lines 12--62
 [][] 
 []

) (./data/eval.tex <figure/self-deploy.png, id=43, 384.43625pt x 248.93pt>
File: figure/self-deploy.png Graphic file (type png)

<use figure/self-deploy.png>
Overfull \hbox (7.70207pt too wide) in paragraph at lines 29--31
 [][] 
 []

<figure/state-trans.png, id=44, 401.5pt x 244.915pt>
File: figure/state-trans.png Graphic file (type png)

<use figure/state-trans.png>
Overfull \hbox (18.24738pt too wide) in paragraph at lines 60--62
 [][] 
 []

[6 <./figure/self-deploy.png (PNG copy)> <./figure/state-trans.png (PNG copy)>]
<figure/overhead.png, id=48, 441.65pt x 266.9975pt>
File: figure/overhead.png Graphic file (type png)
 <use figure/overhead.png>)
(./data/related.tex
Underfull \vbox (badness 10000) has occurred while \output is active []

)
(./data/conclusion.tex) (./selfman.bbl [7 <./figure/overhead.png (PNG copy)>])
[8] (./selfman.aux) ) 
Here is how much of TeX's memory you used:
 1244 strings out of 493886
 15538 string characters out of 1158452
 73013 words of memory out of 3000000
 4494 multiletter control sequences out of 10000+50000
 31254 words of font info for 61 fonts, out of 3000000 for 5000
 714 hyphenation exceptions out of 8191
 30i,9n,19p,366b,337s stack positions out of 5000i,500n,10000p,200000b,50000s
{j:/texmf-dist/fonts/enc/dvips/base/8r.enc}<j:/texmf-dist/
fonts/type1/bluesky/cm/cmmi10.pfb><j:/texmf-dist/fonts/type1/bluesky/cm/cmmi7.p
fb><j:/texmf-dist/fonts/type1/bluesky/cm/cmmi9.pfb><j:/texmf-dist/fonts/type1/b
luesky/cm/cmr10.pfb><j:/texmf-dist/fonts/type1/bluesky/cm/cmsy10.pfb><j:/texmf-
dist/fonts/type1/bluesky/cm/cmsy6.pfb><j:/texmf-dist/fonts/type1/bluesky/cm/cms
y9.pfb><j:/texmf-dist/fonts/type1/urw/courier/ucrr8a.pfb><j:/texmf-dist/fonts/t
ype1/urw/times/utmb8a.pfb><j:/texmf-dist/fonts/type1/urw/times/utmr8a.pfb><j:/t
exmf-dist/fonts/type1/urw/times/utmri8a.pfb>
Output written on selfman.pdf (8 pages, 163976 bytes).
PDF statistics:
 93 PDF objects out of 1000 (max. 8388607)
 0 named destinations out of 1000 (max. 131072)
 26 words of extra memory for PDF output out of 10000 (max. 10000000)

